[2017-12-06 16:43:16] [INFO] 初始化系统数据...
[2017-12-06 16:43:31] [INFO] 初始化系统数据...
[2017-12-06 16:44:03] [INFO] 初始化系统数据...
[2017-12-06 16:44:03] [INFO] 初始化系统参数结束
[2017-12-06 16:44:03] [INFO] 启动爬虫
[2017-12-06 16:44:03] [INFO] 初始化...
[2017-12-06 16:44:03] [INFO] 初始化完成
[2017-12-06 16:44:03] [INFO] 打开浏览器...
[2017-12-06 16:44:41] [INFO] 打开浏览器成功
[2017-12-06 16:44:41] [INFO] 初始化数据库...
[2017-12-06 16:44:42] [INFO] 获取数据Mapper:GoodsModelMapper
[2017-12-06 16:44:42] [INFO] 载入百度查询界面...
[2017-12-06 16:44:43] [INFO] {dataSource-1} inited
[2017-12-06 16:44:43] [INFO] 查询到未完善数据[250]条
[2017-12-06 16:44:43] [INFO] 开始爬数据
[2017-12-06 16:44:43] [INFO] 第[0]条商品信息发现异常，开始抓取数据...
[2017-12-06 16:44:43] [INFO] 载入商品信息界面
[2017-12-06 16:44:44] [INFO] 异常[getWebElement] exception:Unable to locate element: div.graph-title
For documentation on this error, please visit: http://seleniumhq.org/exceptions/no_such_element.html
Build info: version: '3.6.0', revision: '6fbf3ec767', time: '2017-09-27T15:28:36.4Z'
System info: host: 'XXP0068', ip: '192.168.79.251', os.name: 'Windows 10', os.arch: 'amd64', os.version: '10.0', java.version: '1.8.0_131'
Driver info: org.openqa.selenium.firefox.FirefoxDriver
Capabilities [{moz:profile=C:\Users\Administrator\AppData\Local\Temp\rust_mozprofile.pZi1f5pxUV0M, rotatable=false, timeouts={implicit=0, pageLoad=300000, script=30000}, pageLoadStrategy=normal, moz:headless=false, platform=XP, specificationLevel=0, moz:accessibilityChecks=false, acceptInsecureCerts=true, browserVersion=56.0.2, platformVersion=10.0, moz:processID=11844, browserName=firefox, javascriptEnabled=true, platformName=XP}]
Session ID: 43b3fa3c-4dea-4ab8-bc94-785fed7c4add
*** Element info: {Using=css selector, value=div.graph-title}
[2017-12-06 16:44:44] [INFO] 没有查询到该商品[6956572000129]信息
[2017-12-06 16:44:50] [INFO] 第[1]条商品信息发现异常，开始抓取数据...
[2017-12-06 16:44:50] [INFO] 载入商品信息界面
[2017-12-06 16:44:51] [INFO] 异常[getWebElement] exception:Unable to locate element: div.graph-title
For documentation on this error, please visit: http://seleniumhq.org/exceptions/no_such_element.html
Build info: version: '3.6.0', revision: '6fbf3ec767', time: '2017-09-27T15:28:36.4Z'
System info: host: 'XXP0068', ip: '192.168.79.251', os.name: 'Windows 10', os.arch: 'amd64', os.version: '10.0', java.version: '1.8.0_131'
Driver info: org.openqa.selenium.firefox.FirefoxDriver
Capabilities [{moz:profile=C:\Users\Administrator\AppData\Local\Temp\rust_mozprofile.pZi1f5pxUV0M, rotatable=false, timeouts={implicit=0, pageLoad=300000, script=30000}, pageLoadStrategy=normal, moz:headless=false, platform=XP, specificationLevel=0, moz:accessibilityChecks=false, acceptInsecureCerts=true, browserVersion=56.0.2, platformVersion=10.0, moz:processID=11844, browserName=firefox, javascriptEnabled=true, platformName=XP}]
Session ID: 43b3fa3c-4dea-4ab8-bc94-785fed7c4add
*** Element info: {Using=css selector, value=div.graph-title}
[2017-12-06 16:44:51] [INFO] 没有查询到该商品[6949341800266]信息
[2017-12-06 16:44:56] [INFO] 第[2]条商品信息发现异常，开始抓取数据...
[2017-12-06 16:44:56] [INFO] 载入商品信息界面
[2017-12-06 16:44:56] [INFO] 异常[getWebElement] exception:Unable to locate element: div.graph-title
For documentation on this error, please visit: http://seleniumhq.org/exceptions/no_such_element.html
Build info: version: '3.6.0', revision: '6fbf3ec767', time: '2017-09-27T15:28:36.4Z'
System info: host: 'XXP0068', ip: '192.168.79.251', os.name: 'Windows 10', os.arch: 'amd64', os.version: '10.0', java.version: '1.8.0_131'
Driver info: org.openqa.selenium.firefox.FirefoxDriver
Capabilities [{moz:profile=C:\Users\Administrator\AppData\Local\Temp\rust_mozprofile.pZi1f5pxUV0M, rotatable=false, timeouts={implicit=0, pageLoad=300000, script=30000}, pageLoadStrategy=normal, moz:headless=false, platform=XP, specificationLevel=0, moz:accessibilityChecks=false, acceptInsecureCerts=true, browserVersion=56.0.2, platformVersion=10.0, moz:processID=11844, browserName=firefox, javascriptEnabled=true, platformName=XP}]
Session ID: 43b3fa3c-4dea-4ab8-bc94-785fed7c4add
*** Element info: {Using=css selector, value=div.graph-title}
[2017-12-06 16:44:56] [INFO] 没有查询到该商品[6952155500789]信息
[2017-12-06 16:45:01] [INFO] 第[3]条商品信息发现异常，开始抓取数据...
[2017-12-06 16:45:01] [INFO] 载入商品信息界面
[2017-12-06 16:45:04] [INFO] 异常[getWebElement] exception:Unable to locate element: div.graph-title
For documentation on this error, please visit: http://seleniumhq.org/exceptions/no_such_element.html
Build info: version: '3.6.0', revision: '6fbf3ec767', time: '2017-09-27T15:28:36.4Z'
System info: host: 'XXP0068', ip: '192.168.79.251', os.name: 'Windows 10', os.arch: 'amd64', os.version: '10.0', java.version: '1.8.0_131'
Driver info: org.openqa.selenium.firefox.FirefoxDriver
Capabilities [{moz:profile=C:\Users\Administrator\AppData\Local\Temp\rust_mozprofile.pZi1f5pxUV0M, rotatable=false, timeouts={implicit=0, pageLoad=300000, script=30000}, pageLoadStrategy=normal, moz:headless=false, platform=XP, specificationLevel=0, moz:accessibilityChecks=false, acceptInsecureCerts=true, browserVersion=56.0.2, platformVersion=10.0, moz:processID=11844, browserName=firefox, javascriptEnabled=true, platformName=XP}]
Session ID: 43b3fa3c-4dea-4ab8-bc94-785fed7c4add
*** Element info: {Using=css selector, value=div.graph-title}
[2017-12-06 16:45:04] [INFO] 没有查询到该商品[95647014284]信息
[2017-12-06 16:45:10] [INFO] 第[4]条商品信息发现异常，开始抓取数据...
[2017-12-06 16:45:10] [INFO] 载入商品信息界面
[2017-12-06 16:45:11] [INFO] 异常[getWebElement] exception:Unable to locate element: div.graph-title
For documentation on this error, please visit: http://seleniumhq.org/exceptions/no_such_element.html
Build info: version: '3.6.0', revision: '6fbf3ec767', time: '2017-09-27T15:28:36.4Z'
System info: host: 'XXP0068', ip: '192.168.79.251', os.name: 'Windows 10', os.arch: 'amd64', os.version: '10.0', java.version: '1.8.0_131'
Driver info: org.openqa.selenium.firefox.FirefoxDriver
Capabilities [{moz:profile=C:\Users\Administrator\AppData\Local\Temp\rust_mozprofile.pZi1f5pxUV0M, rotatable=false, timeouts={implicit=0, pageLoad=300000, script=30000}, pageLoadStrategy=normal, moz:headless=false, platform=XP, specificationLevel=0, moz:accessibilityChecks=false, acceptInsecureCerts=true, browserVersion=56.0.2, platformVersion=10.0, moz:processID=11844, browserName=firefox, javascriptEnabled=true, platformName=XP}]
Session ID: 43b3fa3c-4dea-4ab8-bc94-785fed7c4add
*** Element info: {Using=css selector, value=div.graph-title}
[2017-12-06 16:45:11] [INFO] 没有查询到该商品[6924162400970]信息
[2017-12-06 16:45:16] [INFO] 第[5]条商品信息发现异常，开始抓取数据...
[2017-12-06 16:45:16] [INFO] 载入商品信息界面
[2017-12-06 16:45:16] [INFO] 异常[getWebElement] exception:Unable to locate element: div.graph-title
For documentation on this error, please visit: http://seleniumhq.org/exceptions/no_such_element.html
Build info: version: '3.6.0', revision: '6fbf3ec767', time: '2017-09-27T15:28:36.4Z'
System info: host: 'XXP0068', ip: '192.168.79.251', os.name: 'Windows 10', os.arch: 'amd64', os.version: '10.0', java.version: '1.8.0_131'
Driver info: org.openqa.selenium.firefox.FirefoxDriver
Capabilities [{moz:profile=C:\Users\Administrator\AppData\Local\Temp\rust_mozprofile.pZi1f5pxUV0M, rotatable=false, timeouts={implicit=0, pageLoad=300000, script=30000}, pageLoadStrategy=normal, moz:headless=false, platform=XP, specificationLevel=0, moz:accessibilityChecks=false, acceptInsecureCerts=true, browserVersion=56.0.2, platformVersion=10.0, moz:processID=11844, browserName=firefox, javascriptEnabled=true, platformName=XP}]
Session ID: 43b3fa3c-4dea-4ab8-bc94-785fed7c4add
*** Element info: {Using=css selector, value=div.graph-title}
[2017-12-06 16:45:16] [INFO] 没有查询到该商品[6956850412620]信息
[2017-12-06 16:45:22] [INFO] 第[6]条商品信息发现异常，开始抓取数据...
[2017-12-06 16:45:22] [INFO] 载入商品信息界面
[2017-12-06 16:45:23] [INFO] 异常[getWebElement] exception:Unable to locate element: div.graph-title
For documentation on this error, please visit: http://seleniumhq.org/exceptions/no_such_element.html
Build info: version: '3.6.0', revision: '6fbf3ec767', time: '2017-09-27T15:28:36.4Z'
System info: host: 'XXP0068', ip: '192.168.79.251', os.name: 'Windows 10', os.arch: 'amd64', os.version: '10.0', java.version: '1.8.0_131'
Driver info: org.openqa.selenium.firefox.FirefoxDriver
Capabilities [{moz:profile=C:\Users\Administrator\AppData\Local\Temp\rust_mozprofile.pZi1f5pxUV0M, rotatable=false, timeouts={implicit=0, pageLoad=300000, script=30000}, pageLoadStrategy=normal, moz:headless=false, platform=XP, specificationLevel=0, moz:accessibilityChecks=false, acceptInsecureCerts=true, browserVersion=56.0.2, platformVersion=10.0, moz:processID=11844, browserName=firefox, javascriptEnabled=true, platformName=XP}]
Session ID: 43b3fa3c-4dea-4ab8-bc94-785fed7c4add
*** Element info: {Using=css selector, value=div.graph-title}
[2017-12-06 16:45:23] [INFO] 没有查询到该商品[6958939000520]信息
[2017-12-06 16:45:28] [INFO] 第[7]条商品信息发现异常，开始抓取数据...
[2017-12-06 16:45:28] [INFO] 载入商品信息界面
[2017-12-06 16:45:29] [INFO] 异常[getWebElement] exception:Unable to locate element: div.graph-title
For documentation on this error, please visit: http://seleniumhq.org/exceptions/no_such_element.html
Build info: version: '3.6.0', revision: '6fbf3ec767', time: '2017-09-27T15:28:36.4Z'
System info: host: 'XXP0068', ip: '192.168.79.251', os.name: 'Windows 10', os.arch: 'amd64', os.version: '10.0', java.version: '1.8.0_131'
Driver info: org.openqa.selenium.firefox.FirefoxDriver
Capabilities [{moz:profile=C:\Users\Administrator\AppData\Local\Temp\rust_mozprofile.pZi1f5pxUV0M, rotatable=false, timeouts={implicit=0, pageLoad=300000, script=30000}, pageLoadStrategy=normal, moz:headless=false, platform=XP, specificationLevel=0, moz:accessibilityChecks=false, acceptInsecureCerts=true, browserVersion=56.0.2, platformVersion=10.0, moz:processID=11844, browserName=firefox, javascriptEnabled=true, platformName=XP}]
Session ID: 43b3fa3c-4dea-4ab8-bc94-785fed7c4add
*** Element info: {Using=css selector, value=div.graph-title}
[2017-12-06 16:45:29] [INFO] 没有查询到该商品[6958939000520]信息
[2017-12-06 16:45:35] [INFO] 第[8]条商品信息发现异常，开始抓取数据...
[2017-12-06 16:45:35] [INFO] 载入商品信息界面
[2017-12-06 16:45:35] [INFO] 异常[getWebElement] exception:Unable to locate element: div.graph-title
For documentation on this error, please visit: http://seleniumhq.org/exceptions/no_such_element.html
Build info: version: '3.6.0', revision: '6fbf3ec767', time: '2017-09-27T15:28:36.4Z'
System info: host: 'XXP0068', ip: '192.168.79.251', os.name: 'Windows 10', os.arch: 'amd64', os.version: '10.0', java.version: '1.8.0_131'
Driver info: org.openqa.selenium.firefox.FirefoxDriver
Capabilities [{moz:profile=C:\Users\Administrator\AppData\Local\Temp\rust_mozprofile.pZi1f5pxUV0M, rotatable=false, timeouts={implicit=0, pageLoad=300000, script=30000}, pageLoadStrategy=normal, moz:headless=false, platform=XP, specificationLevel=0, moz:accessibilityChecks=false, acceptInsecureCerts=true, browserVersion=56.0.2, platformVersion=10.0, moz:processID=11844, browserName=firefox, javascriptEnabled=true, platformName=XP}]
Session ID: 43b3fa3c-4dea-4ab8-bc94-785fed7c4add
*** Element info: {Using=css selector, value=div.graph-title}
[2017-12-06 16:45:35] [INFO] 没有查询到该商品[6956850412637]信息
[2017-12-06 16:45:41] [INFO] 第[9]条商品信息发现异常，开始抓取数据...
[2017-12-06 16:45:41] [INFO] 载入商品信息界面
[2017-12-06 16:45:41] [INFO] 异常[getWebElement] exception:Unable to locate element: div.graph-title
For documentation on this error, please visit: http://seleniumhq.org/exceptions/no_such_element.html
Build info: version: '3.6.0', revision: '6fbf3ec767', time: '2017-09-27T15:28:36.4Z'
System info: host: 'XXP0068', ip: '192.168.79.251', os.name: 'Windows 10', os.arch: 'amd64', os.version: '10.0', java.version: '1.8.0_131'
Driver info: org.openqa.selenium.firefox.FirefoxDriver
Capabilities [{moz:profile=C:\Users\Administrator\AppData\Local\Temp\rust_mozprofile.pZi1f5pxUV0M, rotatable=false, timeouts={implicit=0, pageLoad=300000, script=30000}, pageLoadStrategy=normal, moz:headless=false, platform=XP, specificationLevel=0, moz:accessibilityChecks=false, acceptInsecureCerts=true, browserVersion=56.0.2, platformVersion=10.0, moz:processID=11844, browserName=firefox, javascriptEnabled=true, platformName=XP}]
Session ID: 43b3fa3c-4dea-4ab8-bc94-785fed7c4add
*** Element info: {Using=css selector, value=div.graph-title}
[2017-12-06 16:45:42] [INFO] 没有查询到该商品[6956850412637]信息
[2017-12-06 16:45:47] [INFO] 第[10]条商品信息发现异常，开始抓取数据...
[2017-12-06 16:45:47] [INFO] 载入商品信息界面
[2017-12-06 16:45:47] [INFO] 异常[getWebElement] exception:Unable to locate element: div.graph-title
For documentation on this error, please visit: http://seleniumhq.org/exceptions/no_such_element.html
Build info: version: '3.6.0', revision: '6fbf3ec767', time: '2017-09-27T15:28:36.4Z'
System info: host: 'XXP0068', ip: '192.168.79.251', os.name: 'Windows 10', os.arch: 'amd64', os.version: '10.0', java.version: '1.8.0_131'
Driver info: org.openqa.selenium.firefox.FirefoxDriver
Capabilities [{moz:profile=C:\Users\Administrator\AppData\Local\Temp\rust_mozprofile.pZi1f5pxUV0M, rotatable=false, timeouts={implicit=0, pageLoad=300000, script=30000}, pageLoadStrategy=normal, moz:headless=false, platform=XP, specificationLevel=0, moz:accessibilityChecks=false, acceptInsecureCerts=true, browserVersion=56.0.2, platformVersion=10.0, moz:processID=11844, browserName=firefox, javascriptEnabled=true, platformName=XP}]
Session ID: 43b3fa3c-4dea-4ab8-bc94-785fed7c4add
*** Element info: {Using=css selector, value=div.graph-title}
[2017-12-06 16:45:47] [INFO] 没有查询到该商品[6926468200018]信息
[2017-12-06 16:45:53] [INFO] 第[11]条商品信息发现异常，开始抓取数据...
[2017-12-06 16:45:53] [INFO] 载入商品信息界面
[2017-12-06 16:45:54] [INFO] 异常[getWebElement] exception:Unable to locate element: div.graph-title
For documentation on this error, please visit: http://seleniumhq.org/exceptions/no_such_element.html
Build info: version: '3.6.0', revision: '6fbf3ec767', time: '2017-09-27T15:28:36.4Z'
System info: host: 'XXP0068', ip: '192.168.79.251', os.name: 'Windows 10', os.arch: 'amd64', os.version: '10.0', java.version: '1.8.0_131'
Driver info: org.openqa.selenium.firefox.FirefoxDriver
Capabilities [{moz:profile=C:\Users\Administrator\AppData\Local\Temp\rust_mozprofile.pZi1f5pxUV0M, rotatable=false, timeouts={implicit=0, pageLoad=300000, script=30000}, pageLoadStrategy=normal, moz:headless=false, platform=XP, specificationLevel=0, moz:accessibilityChecks=false, acceptInsecureCerts=true, browserVersion=56.0.2, platformVersion=10.0, moz:processID=11844, browserName=firefox, javascriptEnabled=true, platformName=XP}]
Session ID: 43b3fa3c-4dea-4ab8-bc94-785fed7c4add
*** Element info: {Using=css selector, value=div.graph-title}
[2017-12-06 16:45:54] [INFO] 没有查询到该商品[6926468200018]信息
[2017-12-06 16:45:59] [INFO] 第[12]条商品信息发现异常，开始抓取数据...
[2017-12-06 16:45:59] [INFO] 载入商品信息界面
[2017-12-06 16:45:59] [INFO] 异常[getWebElement] exception:Unable to locate element: div.graph-title
For documentation on this error, please visit: http://seleniumhq.org/exceptions/no_such_element.html
Build info: version: '3.6.0', revision: '6fbf3ec767', time: '2017-09-27T15:28:36.4Z'
System info: host: 'XXP0068', ip: '192.168.79.251', os.name: 'Windows 10', os.arch: 'amd64', os.version: '10.0', java.version: '1.8.0_131'
Driver info: org.openqa.selenium.firefox.FirefoxDriver
Capabilities [{moz:profile=C:\Users\Administrator\AppData\Local\Temp\rust_mozprofile.pZi1f5pxUV0M, rotatable=false, timeouts={implicit=0, pageLoad=300000, script=30000}, pageLoadStrategy=normal, moz:headless=false, platform=XP, specificationLevel=0, moz:accessibilityChecks=false, acceptInsecureCerts=true, browserVersion=56.0.2, platformVersion=10.0, moz:processID=11844, browserName=firefox, javascriptEnabled=true, platformName=XP}]
Session ID: 43b3fa3c-4dea-4ab8-bc94-785fed7c4add
*** Element info: {Using=css selector, value=div.graph-title}
[2017-12-06 16:45:59] [INFO] 没有查询到该商品[6926019812059]信息
[2017-12-06 16:46:05] [INFO] 第[13]条商品信息发现异常，开始抓取数据...
[2017-12-06 16:46:05] [INFO] 载入商品信息界面
[2017-12-06 16:46:06] [INFO] 异常[getWebElement] exception:Unable to locate element: div.graph-title
For documentation on this error, please visit: http://seleniumhq.org/exceptions/no_such_element.html
Build info: version: '3.6.0', revision: '6fbf3ec767', time: '2017-09-27T15:28:36.4Z'
System info: host: 'XXP0068', ip: '192.168.79.251', os.name: 'Windows 10', os.arch: 'amd64', os.version: '10.0', java.version: '1.8.0_131'
Driver info: org.openqa.selenium.firefox.FirefoxDriver
Capabilities [{moz:profile=C:\Users\Administrator\AppData\Local\Temp\rust_mozprofile.pZi1f5pxUV0M, rotatable=false, timeouts={implicit=0, pageLoad=300000, script=30000}, pageLoadStrategy=normal, moz:headless=false, platform=XP, specificationLevel=0, moz:accessibilityChecks=false, acceptInsecureCerts=true, browserVersion=56.0.2, platformVersion=10.0, moz:processID=11844, browserName=firefox, javascriptEnabled=true, platformName=XP}]
Session ID: 43b3fa3c-4dea-4ab8-bc94-785fed7c4add
*** Element info: {Using=css selector, value=div.graph-title}
[2017-12-06 16:46:06] [INFO] 没有查询到该商品[6950129900016]信息
